
BookCommentモデルのテスト
  バリデーションのテスト
    commentカラム
[31m      空欄でないこと (FAILED - 1)[0m
  アソシエーションのテスト
    Bookモデルとの関係
[32m      N:1となっている[0m
    Userモデルとの関係
[32m      N:1となっている[0m

Bookモデルのテスト
  バリデーションのテスト
    titleカラム
[32m      空欄でないこと[0m
    bodyカラム
[32m      空欄でないこと[0m
[32m      200文字以下であること: 200文字は〇[0m
[32m      200文字以下であること: 201文字は×[0m
  アソシエーションのテスト
    Userモデルとの関係
[32m      N:1となっている[0m

Favoriteモデルのテスト
  バリデーションのテスト
[31m    ユーザーは一つの投稿に一つしかいいねできない (FAILED - 2)[0m
  アソシエーションのテスト
    Bookモデルとの関係
[32m      N:1となっている[0m
    Userモデルとの関係
[32m      N:1となっている[0m

Userモデルのテスト
  バリデーションのテスト
    nameカラム
[32m      空欄でないこと[0m
[32m      2文字以上であること: 1文字は×[0m
[32m      2文字以上であること: 2文字は〇[0m
[32m      20文字以下であること: 20文字は〇[0m
[32m      20文字以下であること: 21文字は×[0m
[32m      一意性があること[0m
    introductionカラム
[32m      50文字以下であること: 50文字は〇[0m
[32m      50文字以下であること: 51文字は×[0m
  アソシエーションのテスト
    Bookモデルとの関係
[32m      1:Nとなっている[0m

[STEP1] ユーザログイン前のテスト
  トップ画面のテスト
    表示内容の確認
[31m      URLが正しい (FAILED - 3)[0m
[31m      Log inリンクが表示される: 左上から5番目のリンクが「Log in」である (FAILED - 4)[0m
[31m      Log inリンクの内容が正しい (FAILED - 5)[0m
[31m      Sign upリンクが表示される: 左上から6番目のリンクが「Sign up」である (FAILED - 6)[0m
[31m      Sign upリンクの内容が正しい (FAILED - 7)[0m
  アバウト画面のテスト
    表示内容の確認
[31m      URLが正しい (FAILED - 8)[0m
  ヘッダーのテスト: ログインしていない場合
    表示内容の確認
[31m      タイトルが表示される (FAILED - 9)[0m
[31m      Homeリンクが表示される: 左上から1番目のリンクが「Home」である (FAILED - 10)[0m
[31m      Aboutリンクが表示される: 左上から2番目のリンクが「About」である (FAILED - 11)[0m
[31m      Sign upリンクが表示される: 左上から3番目のリンクが「Sign up」である (FAILED - 12)[0m
[31m      Log inリンクが表示される: 左上から4番目のリンクが「Log in」である (FAILED - 13)[0m
    リンクの内容を確認
[31m      Homeを押すと、トップ画面に遷移する (FAILED - 14)[0m
[31m      Aboutを押すと、アバウト画面に遷移する (FAILED - 15)[0m
[31m      Sign upを押すと、新規登録画面に遷移する (FAILED - 16)[0m
[31m      Log inを押すと、ログイン画面に遷移する (FAILED - 17)[0m
  ユーザ新規登録のテスト
    表示内容の確認
[31m      URLが正しい (FAILED - 18)[0m
[31m      「Sign up」と表示される (FAILED - 19)[0m
[31m      nameフォームが表示される (FAILED - 20)[0m
[31m      emailフォームが表示される (FAILED - 21)[0m
[31m      passwordフォームが表示される (FAILED - 22)[0m
[31m      password_confirmationフォームが表示される (FAILED - 23)[0m
[31m      Sign upボタンが表示される (FAILED - 24)[0m
    新規登録成功のテスト
[31m      正しく新規登録される (FAILED - 25)[0m
[31m      新規登録後のリダイレクト先が、新規登録できたユーザの詳細画面になっている (FAILED - 26)[0m
  ユーザログイン
    表示内容の確認
[31m      URLが正しい (FAILED - 27)[0m
[31m      「Log in」と表示される (FAILED - 28)[0m
[31m      nameフォームが表示される (FAILED - 29)[0m
[31m      passwordフォームが表示される (FAILED - 30)[0m
[31m      Log inボタンが表示される (FAILED - 31)[0m
[31m      emailフォームは表示されない (FAILED - 32)[0m
    ログイン成功のテスト
[31m      ログイン後のリダイレクト先が、ログインしたユーザの詳細画面になっている (FAILED - 33)[0m
    ログイン失敗のテスト
[31m      ログインに失敗し、ログイン画面にリダイレクトされる (FAILED - 34)[0m
  ヘッダーのテスト: ログインしている場合
    ヘッダーの表示を確認
[31m      タイトルが表示される (FAILED - 35)[0m
[31m      Homeリンクが表示される: 左上から1番目のリンクが「Home」である (FAILED - 36)[0m
[31m      Usersリンクが表示される: 左上から2番目のリンクが「Users」である (FAILED - 37)[0m
[31m      Booksリンクが表示される: 左上から3番目のリンクが「Books」である (FAILED - 38)[0m
[31m      Log outリンクが表示される: 左上から4番目のリンクが「Log out」である (FAILED - 39)[0m
  ユーザログアウトのテスト
    ログアウト機能のテスト
[31m      正しくログアウトできている: ログアウト後のリダイレクト先においてAbout画面へのリンクが存在する (FAILED - 40)[0m
[31m      ログアウト後のリダイレクト先が、トップになっている (FAILED - 41)[0m

[STEP2] ユーザログイン後のテスト
  ヘッダーのテスト: ログインしている場合
    リンクの内容を確認: ※logoutは『ユーザログアウトのテスト』でテスト済みになります。
[31m      Homeを押すと、自分のユーザ詳細画面に遷移する (FAILED - 42)[0m
[31m      Usersを押すと、ユーザ一覧画面に遷移する (FAILED - 43)[0m
[31m      Booksを押すと、投稿一覧画面に遷移する (FAILED - 44)[0m
  投稿一覧画面のテスト
    表示内容の確認
[31m      URLが正しい (FAILED - 45)[0m
[31m      自分と他人の画像のリンク先が正しい (FAILED - 46)[0m
[31m      自分の投稿と他人の投稿のタイトルのリンク先がそれぞれ正しい (FAILED - 47)[0m
[31m      自分の投稿と他人の投稿のオピニオンが表示される (FAILED - 48)[0m
    サイドバーの確認
[31m      自分の名前と紹介文が表示される (FAILED - 49)[0m
[31m      自分のユーザ編集画面へのリンクが存在する (FAILED - 50)[0m

Failures:

  1) BookCommentモデルのテスト バリデーションのテスト commentカラム 空欄でないこと
     [31mFailure/Error: let!(:book_comment) { build(:book_comment, book: book, user: user) }[0m
     [31m[0m
     [31mKeyError:[0m
     [31m  Factory not registered: "book_comment"[0m
     [36m# /home/ec2-user/.rvm/gems/ruby-3.1.2/gems/factory_bot-6.2.1/lib/factory_bot/registry.rb:23:in `find'[0m
     [36m# /home/ec2-user/.rvm/gems/ruby-3.1.2/gems/factory_bot-6.2.1/lib/factory_bot/decorator.rb:12:in `method_missing'[0m
     [36m# /home/ec2-user/.rvm/gems/ruby-3.1.2/gems/factory_bot-6.2.1/lib/factory_bot/internal.rb:70:in `factory_by_name'[0m
     [36m# /home/ec2-user/.rvm/gems/ruby-3.1.2/gems/factory_bot-6.2.1/lib/factory_bot/factory_runner.rb:12:in `run'[0m
     [36m# /home/ec2-user/.rvm/gems/ruby-3.1.2/gems/factory_bot-6.2.1/lib/factory_bot/strategy_syntax_method_registrar.rb:28:in `block in define_singular_strategy_method'[0m
     [36m# ./spec3/models/book_comment_spec.rb:9:in `block (3 levels) in <top (required)>'[0m
     [36m# ------------------[0m
     [36m# --- Caused by: ---[0m
     [36m# KeyError:[0m
     [36m#   key not found: "book_comment"[0m
     [36m#   /home/ec2-user/.rvm/gems/ruby-3.1.2/gems/factory_bot-6.2.1/lib/factory_bot/registry.rb:23:in `find'[0m

  2) Favoriteモデルのテスト バリデーションのテスト ユーザーは一つの投稿に一つしかいいねできない
     [31mFailure/Error: let!(:favorite) { create(:favorite, book: book, user: user) }[0m
     [31m[0m
     [31mKeyError:[0m
     [31m  Factory not registered: "favorite"[0m
     [36m# /home/ec2-user/.rvm/gems/ruby-3.1.2/gems/factory_bot-6.2.1/lib/factory_bot/registry.rb:23:in `find'[0m
     [36m# /home/ec2-user/.rvm/gems/ruby-3.1.2/gems/factory_bot-6.2.1/lib/factory_bot/decorator.rb:12:in `method_missing'[0m
     [36m# /home/ec2-user/.rvm/gems/ruby-3.1.2/gems/factory_bot-6.2.1/lib/factory_bot/internal.rb:70:in `factory_by_name'[0m
     [36m# /home/ec2-user/.rvm/gems/ruby-3.1.2/gems/factory_bot-6.2.1/lib/factory_bot/factory_runner.rb:12:in `run'[0m
     [36m# /home/ec2-user/.rvm/gems/ruby-3.1.2/gems/factory_bot-6.2.1/lib/factory_bot/strategy_syntax_method_registrar.rb:28:in `block in define_singular_strategy_method'[0m
     [36m# ./spec3/models/favorite_spec.rb:9:in `block (3 levels) in <main>'[0m
     [36m# ------------------[0m
     [36m# --- Caused by: ---[0m
     [36m# KeyError:[0m
     [36m#   key not found: "favorite"[0m
     [36m#   /home/ec2-user/.rvm/gems/ruby-3.1.2/gems/factory_bot-6.2.1/lib/factory_bot/registry.rb:23:in `find'[0m

  3) [STEP1] ユーザログイン前のテスト トップ画面のテスト 表示内容の確認 URLが正しい
     [31mFailure/Error: visit root_path[0m
     [31m[0m
     [31mNameError:[0m
     [31m  undefined local variable or method `root_path' for #<RSpec::ExampleGroups::STEP1::Nested::Nested "URLが正しい" (./spec3/system/01_before_login_spec.rb:10)>[0m
     [36m# ./spec3/system/01_before_login_spec.rb:6:in `block (3 levels) in <main>'[0m

  4) [STEP1] ユーザログイン前のテスト トップ画面のテスト 表示内容の確認 Log inリンクが表示される: 左上から5番目のリンクが「Log in」である
     [31mFailure/Error: visit root_path[0m
     [31m[0m
     [31mNameError:[0m
     [31m  undefined local variable or method `root_path' for #<RSpec::ExampleGroups::STEP1::Nested::Nested "Log inリンクが表示される: 左上から5番目のリンクが「Log in」である" (./spec3/system/01_before_login_spec.rb:13)>[0m
     [36m# ./spec3/system/01_before_login_spec.rb:6:in `block (3 levels) in <main>'[0m

  5) [STEP1] ユーザログイン前のテスト トップ画面のテスト 表示内容の確認 Log inリンクの内容が正しい
     [31mFailure/Error: visit root_path[0m
     [31m[0m
     [31mNameError:[0m
     [31m  undefined local variable or method `root_path' for #<RSpec::ExampleGroups::STEP1::Nested::Nested "Log inリンクの内容が正しい" (./spec3/system/01_before_login_spec.rb:17)>[0m
     [36m# ./spec3/system/01_before_login_spec.rb:6:in `block (3 levels) in <main>'[0m

  6) [STEP1] ユーザログイン前のテスト トップ画面のテスト 表示内容の確認 Sign upリンクが表示される: 左上から6番目のリンクが「Sign up」である
     [31mFailure/Error: visit root_path[0m
     [31m[0m
     [31mNameError:[0m
     [31m  undefined local variable or method `root_path' for #<RSpec::ExampleGroups::STEP1::Nested::Nested "Sign upリンクが表示される: 左上から6番目のリンクが「Sign up」である" (./spec3/system/01_before_login_spec.rb:21)>[0m
     [36m# ./spec3/system/01_before_login_spec.rb:6:in `block (3 levels) in <main>'[0m

  7) [STEP1] ユーザログイン前のテスト トップ画面のテスト 表示内容の確認 Sign upリンクの内容が正しい
     [31mFailure/Error: visit root_path[0m
     [31m[0m
     [31mNameError:[0m
     [31m  undefined local variable or method `root_path' for #<RSpec::ExampleGroups::STEP1::Nested::Nested "Sign upリンクの内容が正しい" (./spec3/system/01_before_login_spec.rb:25)>[0m
     [36m# ./spec3/system/01_before_login_spec.rb:6:in `block (3 levels) in <main>'[0m

  8) [STEP1] ユーザログイン前のテスト アバウト画面のテスト 表示内容の確認 URLが正しい
     [31mFailure/Error: visit '/home/about'[0m
     [31m[0m
     [31mNoMethodError:[0m
     [31m  undefined method `visit' for #<RSpec::ExampleGroups::STEP1::Nested_2::Nested "URLが正しい" (./spec3/system/01_before_login_spec.rb:38)>[0m
     [36m# ./spec3/system/01_before_login_spec.rb:34:in `block (3 levels) in <main>'[0m

  9) [STEP1] ユーザログイン前のテスト ヘッダーのテスト: ログインしていない場合 表示内容の確認 タイトルが表示される
     [31mFailure/Error: visit root_path[0m
     [31m[0m
     [31mNameError:[0m
     [31m  undefined local variable or method `root_path' for #<RSpec::ExampleGroups::STEP1::Nested_3::Nested "タイトルが表示される" (./spec3/system/01_before_login_spec.rb:50)>[0m
     [36m# ./spec3/system/01_before_login_spec.rb:46:in `block (3 levels) in <main>'[0m

  10) [STEP1] ユーザログイン前のテスト ヘッダーのテスト: ログインしていない場合 表示内容の確認 Homeリンクが表示される: 左上から1番目のリンクが「Home」である
      [31mFailure/Error: visit root_path[0m
      [31m[0m
      [31mNameError:[0m
      [31m  undefined local variable or method `root_path' for #<RSpec::ExampleGroups::STEP1::Nested_3::Nested "Homeリンクが表示される: 左上から1番目のリンクが「Home」である" (./spec3/system/01_before_login_spec.rb:53)>[0m
      [36m# ./spec3/system/01_before_login_spec.rb:46:in `block (3 levels) in <main>'[0m

  11) [STEP1] ユーザログイン前のテスト ヘッダーのテスト: ログインしていない場合 表示内容の確認 Aboutリンクが表示される: 左上から2番目のリンクが「About」である
      [31mFailure/Error: visit root_path[0m
      [31m[0m
      [31mNameError:[0m
      [31m  undefined local variable or method `root_path' for #<RSpec::ExampleGroups::STEP1::Nested_3::Nested "Aboutリンクが表示される: 左上から2番目のリンクが「About」である" (./spec3/system/01_before_login_spec.rb:57)>[0m
      [36m# ./spec3/system/01_before_login_spec.rb:46:in `block (3 levels) in <main>'[0m

  12) [STEP1] ユーザログイン前のテスト ヘッダーのテスト: ログインしていない場合 表示内容の確認 Sign upリンクが表示される: 左上から3番目のリンクが「Sign up」である
      [31mFailure/Error: visit root_path[0m
      [31m[0m
      [31mNameError:[0m
      [31m  undefined local variable or method `root_path' for #<RSpec::ExampleGroups::STEP1::Nested_3::Nested "Sign upリンクが表示される: 左上から3番目のリンクが「Sign up」である" (./spec3/system/01_before_login_spec.rb:61)>[0m
      [36m# ./spec3/system/01_before_login_spec.rb:46:in `block (3 levels) in <main>'[0m

  13) [STEP1] ユーザログイン前のテスト ヘッダーのテスト: ログインしていない場合 表示内容の確認 Log inリンクが表示される: 左上から4番目のリンクが「Log in」である
      [31mFailure/Error: visit root_path[0m
      [31m[0m
      [31mNameError:[0m
      [31m  undefined local variable or method `root_path' for #<RSpec::ExampleGroups::STEP1::Nested_3::Nested "Log inリンクが表示される: 左上から4番目のリンクが「Log in」である" (./spec3/system/01_before_login_spec.rb:65)>[0m
      [36m# ./spec3/system/01_before_login_spec.rb:46:in `block (3 levels) in <main>'[0m

  14) [STEP1] ユーザログイン前のテスト ヘッダーのテスト: ログインしていない場合 リンクの内容を確認 Homeを押すと、トップ画面に遷移する
      [31mFailure/Error: visit root_path[0m
      [31m[0m
      [31mNameError:[0m
      [31m  undefined local variable or method `root_path' for #<RSpec::ExampleGroups::STEP1::Nested_3::Nested_2 "Homeを押すと、トップ画面に遷移する" (./spec3/system/01_before_login_spec.rb:74)>[0m
      [36m# ./spec3/system/01_before_login_spec.rb:46:in `block (3 levels) in <main>'[0m

  15) [STEP1] ユーザログイン前のテスト ヘッダーのテスト: ログインしていない場合 リンクの内容を確認 Aboutを押すと、アバウト画面に遷移する
      [31mFailure/Error: visit root_path[0m
      [31m[0m
      [31mNameError:[0m
      [31m  undefined local variable or method `root_path' for #<RSpec::ExampleGroups::STEP1::Nested_3::Nested_2 "Aboutを押すと、アバウト画面に遷移する" (./spec3/system/01_before_login_spec.rb:81)>[0m
      [36m# ./spec3/system/01_before_login_spec.rb:46:in `block (3 levels) in <main>'[0m

  16) [STEP1] ユーザログイン前のテスト ヘッダーのテスト: ログインしていない場合 リンクの内容を確認 Sign upを押すと、新規登録画面に遷移する
      [31mFailure/Error: visit root_path[0m
      [31m[0m
      [31mNameError:[0m
      [31m  undefined local variable or method `root_path' for #<RSpec::ExampleGroups::STEP1::Nested_3::Nested_2 "Sign upを押すと、新規登録画面に遷移する" (./spec3/system/01_before_login_spec.rb:87)>[0m
      [36m# ./spec3/system/01_before_login_spec.rb:46:in `block (3 levels) in <main>'[0m

  17) [STEP1] ユーザログイン前のテスト ヘッダーのテスト: ログインしていない場合 リンクの内容を確認 Log inを押すと、ログイン画面に遷移する
      [31mFailure/Error: visit root_path[0m
      [31m[0m
      [31mNameError:[0m
      [31m  undefined local variable or method `root_path' for #<RSpec::ExampleGroups::STEP1::Nested_3::Nested_2 "Log inを押すと、ログイン画面に遷移する" (./spec3/system/01_before_login_spec.rb:93)>[0m
      [36m# ./spec3/system/01_before_login_spec.rb:46:in `block (3 levels) in <main>'[0m

  18) [STEP1] ユーザログイン前のテスト ユーザ新規登録のテスト 表示内容の確認 URLが正しい
      [31mFailure/Error: visit new_user_registration_path[0m
      [31m[0m
      [31mNameError:[0m
      [31m  undefined local variable or method `new_user_registration_path' for #<RSpec::ExampleGroups::STEP1::Nested_4::Nested "URLが正しい" (./spec3/system/01_before_login_spec.rb:108)>[0m
      [36m# ./spec3/system/01_before_login_spec.rb:104:in `block (3 levels) in <main>'[0m

  19) [STEP1] ユーザログイン前のテスト ユーザ新規登録のテスト 表示内容の確認 「Sign up」と表示される
      [31mFailure/Error: visit new_user_registration_path[0m
      [31m[0m
      [31mNameError:[0m
      [31m  undefined local variable or method `new_user_registration_path' for #<RSpec::ExampleGroups::STEP1::Nested_4::Nested "「Sign up」と表示される" (./spec3/system/01_before_login_spec.rb:111)>[0m
      [36m# ./spec3/system/01_before_login_spec.rb:104:in `block (3 levels) in <main>'[0m

  20) [STEP1] ユーザログイン前のテスト ユーザ新規登録のテスト 表示内容の確認 nameフォームが表示される
      [31mFailure/Error: visit new_user_registration_path[0m
      [31m[0m
      [31mNameError:[0m
      [31m  undefined local variable or method `new_user_registration_path' for #<RSpec::ExampleGroups::STEP1::Nested_4::Nested "nameフォームが表示される" (./spec3/system/01_before_login_spec.rb:114)>[0m
      [36m# ./spec3/system/01_before_login_spec.rb:104:in `block (3 levels) in <main>'[0m

  21) [STEP1] ユーザログイン前のテスト ユーザ新規登録のテスト 表示内容の確認 emailフォームが表示される
      [31mFailure/Error: visit new_user_registration_path[0m
      [31m[0m
      [31mNameError:[0m
      [31m  undefined local variable or method `new_user_registration_path' for #<RSpec::ExampleGroups::STEP1::Nested_4::Nested "emailフォームが表示される" (./spec3/system/01_before_login_spec.rb:117)>[0m
      [36m# ./spec3/system/01_before_login_spec.rb:104:in `block (3 levels) in <main>'[0m

  22) [STEP1] ユーザログイン前のテスト ユーザ新規登録のテスト 表示内容の確認 passwordフォームが表示される
      [31mFailure/Error: visit new_user_registration_path[0m
      [31m[0m
      [31mNameError:[0m
      [31m  undefined local variable or method `new_user_registration_path' for #<RSpec::ExampleGroups::STEP1::Nested_4::Nested "passwordフォームが表示される" (./spec3/system/01_before_login_spec.rb:120)>[0m
      [36m# ./spec3/system/01_before_login_spec.rb:104:in `block (3 levels) in <main>'[0m

  23) [STEP1] ユーザログイン前のテスト ユーザ新規登録のテスト 表示内容の確認 password_confirmationフォームが表示される
      [31mFailure/Error: visit new_user_registration_path[0m
      [31m[0m
      [31mNameError:[0m
      [31m  undefined local variable or method `new_user_registration_path' for #<RSpec::ExampleGroups::STEP1::Nested_4::Nested "password_confirmationフォームが表示される" (./spec3/system/01_before_login_spec.rb:123)>[0m
      [36m# ./spec3/system/01_before_login_spec.rb:104:in `block (3 levels) in <main>'[0m

  24) [STEP1] ユーザログイン前のテスト ユーザ新規登録のテスト 表示内容の確認 Sign upボタンが表示される
      [31mFailure/Error: visit new_user_registration_path[0m
      [31m[0m
      [31mNameError:[0m
      [31m  undefined local variable or method `new_user_registration_path' for #<RSpec::ExampleGroups::STEP1::Nested_4::Nested "Sign upボタンが表示される" (./spec3/system/01_before_login_spec.rb:126)>[0m
      [36m# ./spec3/system/01_before_login_spec.rb:104:in `block (3 levels) in <main>'[0m

  25) [STEP1] ユーザログイン前のテスト ユーザ新規登録のテスト 新規登録成功のテスト 正しく新規登録される
      [31mFailure/Error: visit new_user_registration_path[0m
      [31m[0m
      [31mNameError:[0m
      [31m  undefined local variable or method `new_user_registration_path' for #<RSpec::ExampleGroups::STEP1::Nested_4::Nested_2 "正しく新規登録される" (./spec3/system/01_before_login_spec.rb:139)>[0m
      [36m# ./spec3/system/01_before_login_spec.rb:104:in `block (3 levels) in <main>'[0m

  26) [STEP1] ユーザログイン前のテスト ユーザ新規登録のテスト 新規登録成功のテスト 新規登録後のリダイレクト先が、新規登録できたユーザの詳細画面になっている
      [31mFailure/Error: visit new_user_registration_path[0m
      [31m[0m
      [31mNameError:[0m
      [31m  undefined local variable or method `new_user_registration_path' for #<RSpec::ExampleGroups::STEP1::Nested_4::Nested_2 "新規登録後のリダイレクト先が、新規登録できたユーザの詳細画面になっている" (./spec3/system/01_before_login_spec.rb:142)>[0m
      [36m# ./spec3/system/01_before_login_spec.rb:104:in `block (3 levels) in <main>'[0m

  27) [STEP1] ユーザログイン前のテスト ユーザログイン 表示内容の確認 URLが正しい
      [31mFailure/Error: visit new_user_session_path[0m
      [31m[0m
      [31mNameError:[0m
      [31m  undefined local variable or method `new_user_session_path' for #<RSpec::ExampleGroups::STEP1::Nested_5::Nested "URLが正しい" (./spec3/system/01_before_login_spec.rb:157)>[0m
      [36m# ./spec3/system/01_before_login_spec.rb:153:in `block (3 levels) in <main>'[0m

  28) [STEP1] ユーザログイン前のテスト ユーザログイン 表示内容の確認 「Log in」と表示される
      [31mFailure/Error: visit new_user_session_path[0m
      [31m[0m
      [31mNameError:[0m
      [31m  undefined local variable or method `new_user_session_path' for #<RSpec::ExampleGroups::STEP1::Nested_5::Nested "「Log in」と表示される" (./spec3/system/01_before_login_spec.rb:160)>[0m
      [36m# ./spec3/system/01_before_login_spec.rb:153:in `block (3 levels) in <main>'[0m

  29) [STEP1] ユーザログイン前のテスト ユーザログイン 表示内容の確認 nameフォームが表示される
      [31mFailure/Error: visit new_user_session_path[0m
      [31m[0m
      [31mNameError:[0m
      [31m  undefined local variable or method `new_user_session_path' for #<RSpec::ExampleGroups::STEP1::Nested_5::Nested "nameフォームが表示される" (./spec3/system/01_before_login_spec.rb:163)>[0m
      [36m# ./spec3/system/01_before_login_spec.rb:153:in `block (3 levels) in <main>'[0m

  30) [STEP1] ユーザログイン前のテスト ユーザログイン 表示内容の確認 passwordフォームが表示される
      [31mFailure/Error: visit new_user_session_path[0m
      [31m[0m
      [31mNameError:[0m
      [31m  undefined local variable or method `new_user_session_path' for #<RSpec::ExampleGroups::STEP1::Nested_5::Nested "passwordフォームが表示される" (./spec3/system/01_before_login_spec.rb:166)>[0m
      [36m# ./spec3/system/01_before_login_spec.rb:153:in `block (3 levels) in <main>'[0m

  31) [STEP1] ユーザログイン前のテスト ユーザログイン 表示内容の確認 Log inボタンが表示される
      [31mFailure/Error: visit new_user_session_path[0m
      [31m[0m
      [31mNameError:[0m
      [31m  undefined local variable or method `new_user_session_path' for #<RSpec::ExampleGroups::STEP1::Nested_5::Nested "Log inボタンが表示される" (./spec3/system/01_before_login_spec.rb:169)>[0m
      [36m# ./spec3/system/01_before_login_spec.rb:153:in `block (3 levels) in <main>'[0m

  32) [STEP1] ユーザログイン前のテスト ユーザログイン 表示内容の確認 emailフォームは表示されない
      [31mFailure/Error: visit new_user_session_path[0m
      [31m[0m
      [31mNameError:[0m
      [31m  undefined local variable or method `new_user_session_path' for #<RSpec::ExampleGroups::STEP1::Nested_5::Nested "emailフォームは表示されない" (./spec3/system/01_before_login_spec.rb:172)>[0m
      [36m# ./spec3/system/01_before_login_spec.rb:153:in `block (3 levels) in <main>'[0m

  33) [STEP1] ユーザログイン前のテスト ユーザログイン ログイン成功のテスト ログイン後のリダイレクト先が、ログインしたユーザの詳細画面になっている
      [31mFailure/Error: visit new_user_session_path[0m
      [31m[0m
      [31mNameError:[0m
      [31m  undefined local variable or method `new_user_session_path' for #<RSpec::ExampleGroups::STEP1::Nested_5::Nested_2 "ログイン後のリダイレクト先が、ログインしたユーザの詳細画面になっている" (./spec3/system/01_before_login_spec.rb:184)>[0m
      [36m# ./spec3/system/01_before_login_spec.rb:153:in `block (3 levels) in <main>'[0m

  34) [STEP1] ユーザログイン前のテスト ユーザログイン ログイン失敗のテスト ログインに失敗し、ログイン画面にリダイレクトされる
      [31mFailure/Error: visit new_user_session_path[0m
      [31m[0m
      [31mNameError:[0m
      [31m  undefined local variable or method `new_user_session_path' for #<RSpec::ExampleGroups::STEP1::Nested_5::Nested_3 "ログインに失敗し、ログイン画面にリダイレクトされる" (./spec3/system/01_before_login_spec.rb:196)>[0m
      [36m# ./spec3/system/01_before_login_spec.rb:153:in `block (3 levels) in <main>'[0m

  35) [STEP1] ユーザログイン前のテスト ヘッダーのテスト: ログインしている場合 ヘッダーの表示を確認 タイトルが表示される
      [31mFailure/Error: visit new_user_session_path[0m
      [31m[0m
      [31mNameError:[0m
      [31m  undefined local variable or method `new_user_session_path' for #<RSpec::ExampleGroups::STEP1::Nested_6::Nested "タイトルが表示される" (./spec3/system/01_before_login_spec.rb:213)>[0m
      [36m# ./spec3/system/01_before_login_spec.rb:206:in `block (3 levels) in <main>'[0m

  36) [STEP1] ユーザログイン前のテスト ヘッダーのテスト: ログインしている場合 ヘッダーの表示を確認 Homeリンクが表示される: 左上から1番目のリンクが「Home」である
      [31mFailure/Error: visit new_user_session_path[0m
      [31m[0m
      [31mNameError:[0m
      [31m  undefined local variable or method `new_user_session_path' for #<RSpec::ExampleGroups::STEP1::Nested_6::Nested "Homeリンクが表示される: 左上から1番目のリンクが「Home」である" (./spec3/system/01_before_login_spec.rb:216)>[0m
      [36m# ./spec3/system/01_before_login_spec.rb:206:in `block (3 levels) in <main>'[0m

  37) [STEP1] ユーザログイン前のテスト ヘッダーのテスト: ログインしている場合 ヘッダーの表示を確認 Usersリンクが表示される: 左上から2番目のリンクが「Users」である
      [31mFailure/Error: visit new_user_session_path[0m
      [31m[0m
      [31mNameError:[0m
      [31m  undefined local variable or method `new_user_session_path' for #<RSpec::ExampleGroups::STEP1::Nested_6::Nested "Usersリンクが表示される: 左上から2番目のリンクが「Users」である" (./spec3/system/01_before_login_spec.rb:220)>[0m
      [36m# ./spec3/system/01_before_login_spec.rb:206:in `block (3 levels) in <main>'[0m

  38) [STEP1] ユーザログイン前のテスト ヘッダーのテスト: ログインしている場合 ヘッダーの表示を確認 Booksリンクが表示される: 左上から3番目のリンクが「Books」である
      [31mFailure/Error: visit new_user_session_path[0m
      [31m[0m
      [31mNameError:[0m
      [31m  undefined local variable or method `new_user_session_path' for #<RSpec::ExampleGroups::STEP1::Nested_6::Nested "Booksリンクが表示される: 左上から3番目のリンクが「Books」である" (./spec3/system/01_before_login_spec.rb:224)>[0m
      [36m# ./spec3/system/01_before_login_spec.rb:206:in `block (3 levels) in <main>'[0m

  39) [STEP1] ユーザログイン前のテスト ヘッダーのテスト: ログインしている場合 ヘッダーの表示を確認 Log outリンクが表示される: 左上から4番目のリンクが「Log out」である
      [31mFailure/Error: visit new_user_session_path[0m
      [31m[0m
      [31mNameError:[0m
      [31m  undefined local variable or method `new_user_session_path' for #<RSpec::ExampleGroups::STEP1::Nested_6::Nested "Log outリンクが表示される: 左上から4番目のリンクが「Log out」である" (./spec3/system/01_before_login_spec.rb:228)>[0m
      [36m# ./spec3/system/01_before_login_spec.rb:206:in `block (3 levels) in <main>'[0m

  40) [STEP1] ユーザログイン前のテスト ユーザログアウトのテスト ログアウト機能のテスト 正しくログアウトできている: ログアウト後のリダイレクト先においてAbout画面へのリンクが存在する
      [31mFailure/Error: visit new_user_session_path[0m
      [31m[0m
      [31mNameError:[0m
      [31m  undefined local variable or method `new_user_session_path' for #<RSpec::ExampleGroups::STEP1::Nested_7::Nested "正しくログアウトできている: ログアウト後のリダイレクト先においてAbout画面へのリンクが存在する" (./spec3/system/01_before_login_spec.rb:249)>[0m
      [36m# ./spec3/system/01_before_login_spec.rb:239:in `block (3 levels) in <main>'[0m

  41) [STEP1] ユーザログイン前のテスト ユーザログアウトのテスト ログアウト機能のテスト ログアウト後のリダイレクト先が、トップになっている
      [31mFailure/Error: visit new_user_session_path[0m
      [31m[0m
      [31mNameError:[0m
      [31m  undefined local variable or method `new_user_session_path' for #<RSpec::ExampleGroups::STEP1::Nested_7::Nested "ログアウト後のリダイレクト先が、トップになっている" (./spec3/system/01_before_login_spec.rb:252)>[0m
      [36m# ./spec3/system/01_before_login_spec.rb:239:in `block (3 levels) in <main>'[0m

  42) [STEP2] ユーザログイン後のテスト ヘッダーのテスト: ログインしている場合 リンクの内容を確認: ※logoutは『ユーザログアウトのテスト』でテスト済みになります。 Homeを押すと、自分のユーザ詳細画面に遷移する
      [31mFailure/Error: visit new_user_session_path[0m
      [31m[0m
      [31mNameError:[0m
      [31m  undefined local variable or method `new_user_session_path' for #<RSpec::ExampleGroups::STEP2::Nested::Logout "Homeを押すと、自分のユーザ詳細画面に遷移する" (./spec3/system/02_after_login_spec.rb:20)>[0m
      [36m# ./spec3/system/02_after_login_spec.rb:10:in `block (2 levels) in <main>'[0m

  43) [STEP2] ユーザログイン後のテスト ヘッダーのテスト: ログインしている場合 リンクの内容を確認: ※logoutは『ユーザログアウトのテスト』でテスト済みになります。 Usersを押すと、ユーザ一覧画面に遷移する
      [31mFailure/Error: visit new_user_session_path[0m
      [31m[0m
      [31mNameError:[0m
      [31m  undefined local variable or method `new_user_session_path' for #<RSpec::ExampleGroups::STEP2::Nested::Logout "Usersを押すと、ユーザ一覧画面に遷移する" (./spec3/system/02_after_login_spec.rb:26)>[0m
      [36m# ./spec3/system/02_after_login_spec.rb:10:in `block (2 levels) in <main>'[0m

  44) [STEP2] ユーザログイン後のテスト ヘッダーのテスト: ログインしている場合 リンクの内容を確認: ※logoutは『ユーザログアウトのテスト』でテスト済みになります。 Booksを押すと、投稿一覧画面に遷移する
      [31mFailure/Error: visit new_user_session_path[0m
      [31m[0m
      [31mNameError:[0m
      [31m  undefined local variable or method `new_user_session_path' for #<RSpec::ExampleGroups::STEP2::Nested::Logout "Booksを押すと、投稿一覧画面に遷移する" (./spec3/system/02_after_login_spec.rb:32)>[0m
      [36m# ./spec3/system/02_after_login_spec.rb:10:in `block (2 levels) in <main>'[0m

  45) [STEP2] ユーザログイン後のテスト 投稿一覧画面のテスト 表示内容の確認 URLが正しい
      [31mFailure/Error: visit new_user_session_path[0m
      [31m[0m
      [31mNameError:[0m
      [31m  undefined local variable or method `new_user_session_path' for #<RSpec::ExampleGroups::STEP2::Nested_2::Nested "URLが正しい" (./spec3/system/02_after_login_spec.rb:47)>[0m
      [36m# ./spec3/system/02_after_login_spec.rb:10:in `block (2 levels) in <main>'[0m

  46) [STEP2] ユーザログイン後のテスト 投稿一覧画面のテスト 表示内容の確認 自分と他人の画像のリンク先が正しい
      [31mFailure/Error: visit new_user_session_path[0m
      [31m[0m
      [31mNameError:[0m
      [31m  undefined local variable or method `new_user_session_path' for #<RSpec::ExampleGroups::STEP2::Nested_2::Nested "自分と他人の画像のリンク先が正しい" (./spec3/system/02_after_login_spec.rb:50)>[0m
      [36m# ./spec3/system/02_after_login_spec.rb:10:in `block (2 levels) in <main>'[0m

  47) [STEP2] ユーザログイン後のテスト 投稿一覧画面のテスト 表示内容の確認 自分の投稿と他人の投稿のタイトルのリンク先がそれぞれ正しい
      [31mFailure/Error: visit new_user_session_path[0m
      [31m[0m
      [31mNameError:[0m
      [31m  undefined local variable or method `new_user_session_path' for #<RSpec::ExampleGroups::STEP2::Nested_2::Nested "自分の投稿と他人の投稿のタイトルのリンク先がそれぞれ正しい" (./spec3/system/02_after_login_spec.rb:54)>[0m
      [36m# ./spec3/system/02_after_login_spec.rb:10:in `block (2 levels) in <main>'[0m

  48) [STEP2] ユーザログイン後のテスト 投稿一覧画面のテスト 表示内容の確認 自分の投稿と他人の投稿のオピニオンが表示される
      [31mFailure/Error: visit new_user_session_path[0m
      [31m[0m
      [31mNameError:[0m
      [31m  undefined local variable or method `new_user_session_path' for #<RSpec::ExampleGroups::STEP2::Nested_2::Nested "自分の投稿と他人の投稿のオピニオンが表示される" (./spec3/system/02_after_login_spec.rb:58)>[0m
      [36m# ./spec3/system/02_after_login_spec.rb:10:in `block (2 levels) in <main>'[0m

  49) [STEP2] ユーザログイン後のテスト 投稿一覧画面のテスト サイドバーの確認 自分の名前と紹介文が表示される
      [31mFailure/Error: visit new_user_session_path[0m
      [31m[0m
      [31mNameError:[0m
      [31m  undefined local variable or method `new_user_session_path' for #<RSpec::ExampleGroups::STEP2::Nested_2::Nested_2 "自分の名前と紹介文が表示される" (./spec3/system/02_after_login_spec.rb:65)>[0m
      [36m# ./spec3/system/02_after_login_spec.rb:10:in `block (2 levels) in <main>'[0m

  50) [STEP2] ユーザログイン後のテスト 投稿一覧画面のテスト サイドバーの確認 自分のユーザ編集画面へのリンクが存在する
      [31mFailure/Error: visit new_user_session_path[0m
      [31m[0m
      [31mNameError:[0m
      [31m  undefined local variable or method `new_user_session_path' for #<RSpec::ExampleGroups::STEP2::Nested_2::Nested_2 "自分のユーザ編集画面へのリンクが存在する" (./spec3/system/02_after_login_spec.rb:69)>[0m
      [36m# ./spec3/system/02_after_login_spec.rb:10:in `block (2 levels) in <main>'[0m

Finished in 3.54 seconds (files took 3.27 seconds to load)
[31m68 examples, 50 failures[0m

Failed examples:

[31mrspec ./spec3/models/book_comment_spec.rb:12[0m [36m# BookCommentモデルのテスト バリデーションのテスト commentカラム 空欄でないこと[0m
[31mrspec ./spec3/models/favorite_spec.rb:12[0m [36m# Favoriteモデルのテスト バリデーションのテスト ユーザーは一つの投稿に一つしかいいねできない[0m
[31mrspec ./spec3/system/01_before_login_spec.rb:10[0m [36m# [STEP1] ユーザログイン前のテスト トップ画面のテスト 表示内容の確認 URLが正しい[0m
[31mrspec ./spec3/system/01_before_login_spec.rb:13[0m [36m# [STEP1] ユーザログイン前のテスト トップ画面のテスト 表示内容の確認 Log inリンクが表示される: 左上から5番目のリンクが「Log in」である[0m
[31mrspec ./spec3/system/01_before_login_spec.rb:17[0m [36m# [STEP1] ユーザログイン前のテスト トップ画面のテスト 表示内容の確認 Log inリンクの内容が正しい[0m
[31mrspec ./spec3/system/01_before_login_spec.rb:21[0m [36m# [STEP1] ユーザログイン前のテスト トップ画面のテスト 表示内容の確認 Sign upリンクが表示される: 左上から6番目のリンクが「Sign up」である[0m
[31mrspec ./spec3/system/01_before_login_spec.rb:25[0m [36m# [STEP1] ユーザログイン前のテスト トップ画面のテスト 表示内容の確認 Sign upリンクの内容が正しい[0m
[31mrspec ./spec3/system/01_before_login_spec.rb:38[0m [36m# [STEP1] ユーザログイン前のテスト アバウト画面のテスト 表示内容の確認 URLが正しい[0m
[31mrspec ./spec3/system/01_before_login_spec.rb:50[0m [36m# [STEP1] ユーザログイン前のテスト ヘッダーのテスト: ログインしていない場合 表示内容の確認 タイトルが表示される[0m
[31mrspec ./spec3/system/01_before_login_spec.rb:53[0m [36m# [STEP1] ユーザログイン前のテスト ヘッダーのテスト: ログインしていない場合 表示内容の確認 Homeリンクが表示される: 左上から1番目のリンクが「Home」である[0m
[31mrspec ./spec3/system/01_before_login_spec.rb:57[0m [36m# [STEP1] ユーザログイン前のテスト ヘッダーのテスト: ログインしていない場合 表示内容の確認 Aboutリンクが表示される: 左上から2番目のリンクが「About」である[0m
[31mrspec ./spec3/system/01_before_login_spec.rb:61[0m [36m# [STEP1] ユーザログイン前のテスト ヘッダーのテスト: ログインしていない場合 表示内容の確認 Sign upリンクが表示される: 左上から3番目のリンクが「Sign up」である[0m
[31mrspec ./spec3/system/01_before_login_spec.rb:65[0m [36m# [STEP1] ユーザログイン前のテスト ヘッダーのテスト: ログインしていない場合 表示内容の確認 Log inリンクが表示される: 左上から4番目のリンクが「Log in」である[0m
[31mrspec ./spec3/system/01_before_login_spec.rb:74[0m [36m# [STEP1] ユーザログイン前のテスト ヘッダーのテスト: ログインしていない場合 リンクの内容を確認 Homeを押すと、トップ画面に遷移する[0m
[31mrspec ./spec3/system/01_before_login_spec.rb:81[0m [36m# [STEP1] ユーザログイン前のテスト ヘッダーのテスト: ログインしていない場合 リンクの内容を確認 Aboutを押すと、アバウト画面に遷移する[0m
[31mrspec ./spec3/system/01_before_login_spec.rb:87[0m [36m# [STEP1] ユーザログイン前のテスト ヘッダーのテスト: ログインしていない場合 リンクの内容を確認 Sign upを押すと、新規登録画面に遷移する[0m
[31mrspec ./spec3/system/01_before_login_spec.rb:93[0m [36m# [STEP1] ユーザログイン前のテスト ヘッダーのテスト: ログインしていない場合 リンクの内容を確認 Log inを押すと、ログイン画面に遷移する[0m
[31mrspec ./spec3/system/01_before_login_spec.rb:108[0m [36m# [STEP1] ユーザログイン前のテスト ユーザ新規登録のテスト 表示内容の確認 URLが正しい[0m
[31mrspec ./spec3/system/01_before_login_spec.rb:111[0m [36m# [STEP1] ユーザログイン前のテスト ユーザ新規登録のテスト 表示内容の確認 「Sign up」と表示される[0m
[31mrspec ./spec3/system/01_before_login_spec.rb:114[0m [36m# [STEP1] ユーザログイン前のテスト ユーザ新規登録のテスト 表示内容の確認 nameフォームが表示される[0m
[31mrspec ./spec3/system/01_before_login_spec.rb:117[0m [36m# [STEP1] ユーザログイン前のテスト ユーザ新規登録のテスト 表示内容の確認 emailフォームが表示される[0m
[31mrspec ./spec3/system/01_before_login_spec.rb:120[0m [36m# [STEP1] ユーザログイン前のテスト ユーザ新規登録のテスト 表示内容の確認 passwordフォームが表示される[0m
[31mrspec ./spec3/system/01_before_login_spec.rb:123[0m [36m# [STEP1] ユーザログイン前のテスト ユーザ新規登録のテスト 表示内容の確認 password_confirmationフォームが表示される[0m
[31mrspec ./spec3/system/01_before_login_spec.rb:126[0m [36m# [STEP1] ユーザログイン前のテスト ユーザ新規登録のテスト 表示内容の確認 Sign upボタンが表示される[0m
[31mrspec ./spec3/system/01_before_login_spec.rb:139[0m [36m# [STEP1] ユーザログイン前のテスト ユーザ新規登録のテスト 新規登録成功のテスト 正しく新規登録される[0m
[31mrspec ./spec3/system/01_before_login_spec.rb:142[0m [36m# [STEP1] ユーザログイン前のテスト ユーザ新規登録のテスト 新規登録成功のテスト 新規登録後のリダイレクト先が、新規登録できたユーザの詳細画面になっている[0m
[31mrspec ./spec3/system/01_before_login_spec.rb:157[0m [36m# [STEP1] ユーザログイン前のテスト ユーザログイン 表示内容の確認 URLが正しい[0m
[31mrspec ./spec3/system/01_before_login_spec.rb:160[0m [36m# [STEP1] ユーザログイン前のテスト ユーザログイン 表示内容の確認 「Log in」と表示される[0m
[31mrspec ./spec3/system/01_before_login_spec.rb:163[0m [36m# [STEP1] ユーザログイン前のテスト ユーザログイン 表示内容の確認 nameフォームが表示される[0m
[31mrspec ./spec3/system/01_before_login_spec.rb:166[0m [36m# [STEP1] ユーザログイン前のテスト ユーザログイン 表示内容の確認 passwordフォームが表示される[0m
[31mrspec ./spec3/system/01_before_login_spec.rb:169[0m [36m# [STEP1] ユーザログイン前のテスト ユーザログイン 表示内容の確認 Log inボタンが表示される[0m
[31mrspec ./spec3/system/01_before_login_spec.rb:172[0m [36m# [STEP1] ユーザログイン前のテスト ユーザログイン 表示内容の確認 emailフォームは表示されない[0m
[31mrspec ./spec3/system/01_before_login_spec.rb:184[0m [36m# [STEP1] ユーザログイン前のテスト ユーザログイン ログイン成功のテスト ログイン後のリダイレクト先が、ログインしたユーザの詳細画面になっている[0m
[31mrspec ./spec3/system/01_before_login_spec.rb:196[0m [36m# [STEP1] ユーザログイン前のテスト ユーザログイン ログイン失敗のテスト ログインに失敗し、ログイン画面にリダイレクトされる[0m
[31mrspec ./spec3/system/01_before_login_spec.rb:213[0m [36m# [STEP1] ユーザログイン前のテスト ヘッダーのテスト: ログインしている場合 ヘッダーの表示を確認 タイトルが表示される[0m
[31mrspec ./spec3/system/01_before_login_spec.rb:216[0m [36m# [STEP1] ユーザログイン前のテスト ヘッダーのテスト: ログインしている場合 ヘッダーの表示を確認 Homeリンクが表示される: 左上から1番目のリンクが「Home」である[0m
[31mrspec ./spec3/system/01_before_login_spec.rb:220[0m [36m# [STEP1] ユーザログイン前のテスト ヘッダーのテスト: ログインしている場合 ヘッダーの表示を確認 Usersリンクが表示される: 左上から2番目のリンクが「Users」である[0m
[31mrspec ./spec3/system/01_before_login_spec.rb:224[0m [36m# [STEP1] ユーザログイン前のテスト ヘッダーのテスト: ログインしている場合 ヘッダーの表示を確認 Booksリンクが表示される: 左上から3番目のリンクが「Books」である[0m
[31mrspec ./spec3/system/01_before_login_spec.rb:228[0m [36m# [STEP1] ユーザログイン前のテスト ヘッダーのテスト: ログインしている場合 ヘッダーの表示を確認 Log outリンクが表示される: 左上から4番目のリンクが「Log out」である[0m
[31mrspec ./spec3/system/01_before_login_spec.rb:249[0m [36m# [STEP1] ユーザログイン前のテスト ユーザログアウトのテスト ログアウト機能のテスト 正しくログアウトできている: ログアウト後のリダイレクト先においてAbout画面へのリンクが存在する[0m
[31mrspec ./spec3/system/01_before_login_spec.rb:252[0m [36m# [STEP1] ユーザログイン前のテスト ユーザログアウトのテスト ログアウト機能のテスト ログアウト後のリダイレクト先が、トップになっている[0m
[31mrspec ./spec3/system/02_after_login_spec.rb:20[0m [36m# [STEP2] ユーザログイン後のテスト ヘッダーのテスト: ログインしている場合 リンクの内容を確認: ※logoutは『ユーザログアウトのテスト』でテスト済みになります。 Homeを押すと、自分のユーザ詳細画面に遷移する[0m
[31mrspec ./spec3/system/02_after_login_spec.rb:26[0m [36m# [STEP2] ユーザログイン後のテスト ヘッダーのテスト: ログインしている場合 リンクの内容を確認: ※logoutは『ユーザログアウトのテスト』でテスト済みになります。 Usersを押すと、ユーザ一覧画面に遷移する[0m
[31mrspec ./spec3/system/02_after_login_spec.rb:32[0m [36m# [STEP2] ユーザログイン後のテスト ヘッダーのテスト: ログインしている場合 リンクの内容を確認: ※logoutは『ユーザログアウトのテスト』でテスト済みになります。 Booksを押すと、投稿一覧画面に遷移する[0m
[31mrspec ./spec3/system/02_after_login_spec.rb:47[0m [36m# [STEP2] ユーザログイン後のテスト 投稿一覧画面のテスト 表示内容の確認 URLが正しい[0m
[31mrspec ./spec3/system/02_after_login_spec.rb:50[0m [36m# [STEP2] ユーザログイン後のテスト 投稿一覧画面のテスト 表示内容の確認 自分と他人の画像のリンク先が正しい[0m
[31mrspec ./spec3/system/02_after_login_spec.rb:54[0m [36m# [STEP2] ユーザログイン後のテスト 投稿一覧画面のテスト 表示内容の確認 自分の投稿と他人の投稿のタイトルのリンク先がそれぞれ正しい[0m
[31mrspec ./spec3/system/02_after_login_spec.rb:58[0m [36m# [STEP2] ユーザログイン後のテスト 投稿一覧画面のテスト 表示内容の確認 自分の投稿と他人の投稿のオピニオンが表示される[0m
[31mrspec ./spec3/system/02_after_login_spec.rb:65[0m [36m# [STEP2] ユーザログイン後のテスト 投稿一覧画面のテスト サイドバーの確認 自分の名前と紹介文が表示される[0m
[31mrspec ./spec3/system/02_after_login_spec.rb:69[0m [36m# [STEP2] ユーザログイン後のテスト 投稿一覧画面のテスト サイドバーの確認 自分のユーザ編集画面へのリンクが存在する[0m

